<?xml version="1.0" encoding="UTF-8"?>
<!-- Generated by org.testng.reporters.JUnitReportReporter -->
<testsuite hostname="DESKTOP-C4QSTE3" failures="0" tests="1" name="com.todos.tests.AddTodoTest" time="4.218" errors="0" timestamp="12 Feb 2021 19:52:07 GMT">
  <testcase classname="com.todos.tests.AddTodoTest" name="iCanAddTodo" time="4.218"/>
</testsuite> <!-- com.todos.tests.AddTodoTest -->
